/home/daipv11/.conda/envs/qwgnn/lib/python3.11/site-packages/torch/autograd/graph.py:882: UserWarning: CUDA initialization: The NVIDIA driver on your system is too old (found version 12050). Please update your GPU driver by downloading and installing a new version from the URL: http://www.nvidia.com/Download/index.aspx Alternatively, go to: https://pytorch.org to install a PyTorch version that has been compiled with your version of the CUDA driver. (Triggered internally at /pytorch/c10/cuda/CUDAFunctions.cpp:119.)
  return Variable._execution_engine.run_backward(  # Calls into the C++ engine to run the backward pass
QUALITY (TTT relative to blind, lower=better; blind=1.00)

seed split      |     UE     SO    geo  1step    GNN | geo_stuck
   0 in-dist    |   0.38   0.37   0.84   1.10   0.44 |      55%
   0 ood        |   0.06   0.06   0.80   0.57   0.28 |      67%
   1 in-dist    |   0.38   0.36   0.74   1.04   0.42 |      55%
   1 ood        |   0.05   0.05   0.78   0.51   0.46 |      68%

INFERENCE TIME (GNN one-shot vs UE/MSA)

shell          n pairs |  t_gnn(s)   t_ue(s)  speedup
w132         132   600 |     0.050     0.920    18.6x
w264         264  1200 |     0.245     4.982    20.4x
shell1584   1584  7200 |     8.407   244.160    29.0x

========================================================================
Mean TTT relative to blind (1.00); UE is the congestion-aware reference.
  in-dist  | SO 0.37  UE 0.38  geo 0.79  1step 1.07  GNN 0.43  (geo stuck 55%)
  ood      | SO 0.05  UE 0.05  geo 0.79  1step 0.54  GNN 0.37  (geo stuck 67%)

GNN vs UE/MSA speedup: 19x - 29x  [18.6, 20.4, 29.0]

P6 VERDICT
  => GNN (0.37) is the best deployable policy zero-shot: beats 1-step (0.54), geo (0.79), blind (1.00),
     recovers 66% of the blind->UE gain, at ~22x less compute than UE. Residual gap to UE remains.
========================================================================
