===== P4 headroom (corrected) =====
shell              pairs seed | maxutil |  blind_ttt     ue_ttt  gain% |  blind_dl     ue_dl
starlink_mini132     100    0 |    0.57 |        4.9        4.9   0.0% |     0.047     0.047
starlink_mini132     100    1 |    0.64 |        4.8        4.8   0.0% |     0.050     0.050
starlink_mini132     100    2 |    0.85 |        4.8        4.8   0.2% |     0.053     0.052
starlink_mini132     300    0 |    1.91 |       16.4       15.2   7.8% |     0.056     0.052
starlink_mini132     300    1 |    2.06 |       17.2       15.5   9.5% |     0.056     0.051
starlink_mini132     300    2 |    2.02 |       17.9       15.9  10.9% |     0.060     0.054
starlink_mini132     600    0 |    3.47 |       83.3       35.9  56.9% |     0.142     0.061
starlink_mini132     600    1 |    3.37 |       78.2       34.8  55.4% |     0.135     0.060
starlink_mini132     600    2 |    3.56 |       74.3       34.2  54.0% |     0.127     0.059
starlink_mini132    1000    0 |    6.65 |      910.3       79.8  91.2% |     0.915     0.081
starlink_mini132    1000    1 |    6.23 |      702.7       77.2  89.0% |     0.739     0.080
starlink_mini132    1000    2 |    5.84 |      776.8       82.1  89.4% |     0.781     0.083
starlink_mini132    1600    0 |    9.26 |     7888.4      184.8  97.7% |     5.000     0.117
starlink_mini132    1600    1 |    9.41 |     7624.6      182.0  97.6% |     4.842     0.116
starlink_mini132    1600    2 |    8.96 |     6787.6      174.9  97.4% |     4.264     0.110
starlink_mini264     100    0 |    0.69 |        6.7        6.7   0.0% |     0.068     0.066
starlink_mini264     100    1 |    0.64 |        6.6        6.6   0.0% |     0.070     0.070
starlink_mini264     100    2 |    0.73 |        6.8        6.8   0.0% |     0.075     0.074
starlink_mini264     300    0 |    1.72 |       22.9       21.1   7.8% |     0.079     0.071
starlink_mini264     300    1 |    1.84 |       25.3       22.7  10.3% |     0.083     0.075
starlink_mini264     300    2 |    2.00 |       26.2       22.7  13.5% |     0.087     0.076
starlink_mini264     600    0 |    3.47 |      135.4       47.8  64.7% |     0.228     0.080
starlink_mini264     600    1 |    3.45 |      122.1       47.9  60.8% |     0.206     0.082
starlink_mini264     600    2 |    3.77 |      117.8       46.8  60.3% |     0.198     0.080
starlink_mini264    1000    0 |    5.47 |     1142.6       87.8  92.3% |     1.147     0.089
starlink_mini264    1000    1 |    5.17 |      988.1       84.4  91.5% |     1.027     0.087
starlink_mini264    1000    2 |    5.55 |     1146.7       87.6  92.4% |     1.143     0.087
starlink_mini264    1600    0 |    8.24 |     8863.0      196.4  97.8% |     5.609     0.124
starlink_mini264    1600    1 |    8.93 |    10382.5      197.5  98.1% |     6.646     0.124
starlink_mini264    1600    2 |    7.99 |     8815.9      199.4  97.7% |     5.402     0.125

==============================================================================
shell              pairs avg_util |  TTT gain% (blind->UE)
starlink_mini132     100     0.59 |                   0.1%
starlink_mini132     300     1.18 |                   9.4%
starlink_mini132     600     1.64 |                  55.4%
starlink_mini132    1000     2.15 |                  89.9%
starlink_mini132    1600     2.38 |                  97.6%
starlink_mini264     100     0.68 |                   0.0%
starlink_mini264     300     1.08 |                  10.5%
starlink_mini264     600     1.35 |                  61.9%
starlink_mini264    1000     1.52 |                  92.0%
starlink_mini264    1600     2.14 |                  97.9%

HEADROOM VERDICT
  light-load gain: 0.0%   loaded-peak gain: 97.9%
  => HEADROOM EXISTS (genuine, load-induced): blind shortest-path wastes
     tens of % of travel time by overloading bottlenecks under load;
     congestion-aware routing recovers it. A GNN target with real signal.
==============================================================================
===== P5 ablation GCN/Heat/QW (corrected) =====
train: Walker132 @ 600 pairs   OOD: larger shell @ 1200
ops=['GCN', 'Heat', 'QW'] need_eig=True; 10 train, 4 eval/split, 3 seeds

GCN   seed0 in-dist        | recovered   87.6% +/-  4.9
GCN   seed0 ood-largeshell | recovered   69.6% +/-  8.6
Heat  seed0 in-dist        | recovered   88.9% +/-  4.0
Heat  seed0 ood-largeshell | recovered   57.1% +/-  1.9
QW    seed0 in-dist        | recovered   86.0% +/-  2.5
QW    seed0 ood-largeshell | recovered   86.1% +/-  1.6
GCN   seed1 in-dist        | recovered   89.6% +/-  4.5
GCN   seed1 ood-largeshell | recovered   56.8% +/-  2.5
Heat  seed1 in-dist        | recovered   91.3% +/-  2.4
Heat  seed1 ood-largeshell | recovered   49.9% +/-  4.5
QW    seed1 in-dist        | recovered   79.2% +/-  8.3
QW    seed1 ood-largeshell | recovered   39.4% +/-  4.1
GCN   seed2 in-dist        | recovered   81.2% +/-  5.8
GCN   seed2 ood-largeshell | recovered   68.7% +/-  6.8
Heat  seed2 in-dist        | recovered   86.5% +/-  4.1
Heat  seed2 ood-largeshell | recovered   49.2% +/-  7.2
QW    seed2 in-dist        | recovered   80.9% +/-  9.1
QW    seed2 ood-largeshell | recovered   59.8% +/-  8.8

========================================================================
prop  split          |    recovered% mean +/- std (n)
GCN   in-dist        |       86.1% +/-  6.2  (n=12)
GCN   ood-largeshell |       65.0% +/-  8.7  (n=12)
Heat  in-dist        |       88.9% +/-  4.1  (n=12)
Heat  ood-largeshell |       52.0% +/-  6.1  (n=12)
QW    in-dist        |       82.0% +/-  7.8  (n=12)
QW    ood-largeshell |       61.8% +/- 19.9  (n=12)

P5 VERDICT
  => PASS (solid): GCN recovers 65% +/-9 of the blind->UE
     gain ZERO-SHOT on a larger shell, one forward pass, low variance.
     Next: proactive (predicted demand) + baselines + paper.
========================================================================
===== P7 proactive (corrected) =====
seed  drift |  blind     UE  react proact
   0   0.00 |   1.00   0.51   0.56   0.56
   0   0.30 |   1.00   0.45   0.71   0.54
   0   0.60 |   1.00   0.45   0.88   0.55
   0   1.00 |   1.00   0.45   1.18   0.49
   0   1.50 |   1.00   0.42   1.59   0.44
   1   0.00 |   1.00   0.42   0.46   0.46
   1   0.30 |   1.00   0.47   0.58   0.55
   1   0.60 |   1.00   0.46   0.82   0.55
   1   1.00 |   1.00   0.40   1.08   0.45
   1   1.50 |   1.00   0.33   1.67   0.36
   2   0.00 |   1.00   0.38   0.48   0.48
   2   0.30 |   1.00   0.39   0.47   0.47
   2   0.60 |   1.00   0.42   0.61   0.51
   2   1.00 |   1.00   0.33   0.80   0.38
   2   1.50 |   1.00   0.32   1.63   0.36

================================================================
 drift |     UE  reactive  proactive  pro gain%
  0.00 |   0.44      0.50       0.50       0.0%
  0.30 |   0.44      0.59       0.52      11.1%
  0.60 |   0.44      0.77       0.54      30.4%
  1.00 |   0.39      1.02       0.44      56.9%
  1.50 |   0.35      1.63       0.38      76.4%

P7 VERDICT
  proactive-over-reactive TTT gain grows with drift, peak 76%
  => C4 holds: under drifting hotspots, proactive routing (predicted
     demand) materially beats reactive lag-1. Temporal pillar confirmed.
================================================================
ALL DONE
